<?xml version="1.0" encoding="UTF-8"?>
<!-- Generated by org.testng.reporters.JUnitReportReporter -->
<testsuite skipped="0" hostname="GIGANEW-PC" name="testScripts.Testcase2" tests="3" failures="0" timestamp="03 Jun 2018 05:00:14 GMT" time="16.182" errors="0">
  <testcase name="tc_02" time="5.445" classname="testScripts.Testcase2"/>
  <testcase name="tc_02" time="5.323" classname="testScripts.Testcase2"/>
  <testcase name="tc_02" time="5.414" classname="testScripts.Testcase2"/>
</testsuite> <!-- testScripts.Testcase2 -->
