<?xml version="1.0" encoding="UTF-8"?>
<!-- Generated by org.testng.reporters.JUnitReportReporter -->
<testsuite skipped="0" hostname="GIGANEW-PC" name="testScripts.Testcase3" tests="1" failures="0" timestamp="03 Jun 2018 07:13:25 GMT" time="69.448" errors="0">
  <testcase name="tc_03" time="69.448" classname="testScripts.Testcase3"/>
</testsuite> <!-- testScripts.Testcase3 -->
