<?xml version="1.0" encoding="UTF-8"?>
<!-- Generated by org.testng.reporters.JUnitReportReporter -->
<testsuite skipped="1" hostname="GIGANEW-PC" name="testScripts.Testcase1" tests="2" failures="0" timestamp="03 Jun 2018 06:08:47 GMT" time="11.207" errors="0">
  <testcase name="tc_01" time="11.207" classname="testScripts.Testcase1"/>
  <testcase name="tc_02" classname="testScripts.Testcase1">
    <skipped/>
  </testcase> <!-- tc_02 -->
</testsuite> <!-- testScripts.Testcase1 -->
